0 info it worked if it ends with ok
1 verbose cli [ '/home/ubuntu/.nvm/versions/node/v6.12.1/bin/node',
1 verbose cli   '/home/ubuntu/.nvm/versions/node/v6.12.1/bin/npm',
1 verbose cli   'run',
1 verbose cli   'dev:c9' ]
2 info using npm@3.10.10
3 info using node@v6.12.1
4 verbose run-script [ 'predev:c9', 'dev:c9', 'postdev:c9' ]
5 info lifecycle dynamic-character-sheet-frontend@1.0.0~predev:c9: dynamic-character-sheet-frontend@1.0.0
6 silly lifecycle dynamic-character-sheet-frontend@1.0.0~predev:c9: no script for predev:c9, continuing
7 info lifecycle dynamic-character-sheet-frontend@1.0.0~dev:c9: dynamic-character-sheet-frontend@1.0.0
8 verbose lifecycle dynamic-character-sheet-frontend@1.0.0~dev:c9: unsafe-perm in lifecycle true
9 verbose lifecycle dynamic-character-sheet-frontend@1.0.0~dev:c9: PATH: /home/ubuntu/.nvm/versions/node/v6.12.1/lib/node_modules/npm/bin/node-gyp-bin:/home/ubuntu/workspace/node_modules/.bin:/home/ubuntu/.nvm/versions/node/v6.12.1/bin:/usr/local/rvm/gems/ruby-2.4.0/bin:/usr/local/rvm/gems/ruby-2.4.0@global/bin:/usr/local/rvm/rubies/ruby-2.4.0/bin:/mnt/shared/bin:/home/ubuntu/workspace/node_modules/.bin:/home/ubuntu/bin:/usr/local/sbin:/usr/local/bin:/usr/sbin:/usr/bin:/sbin:/bin:/mnt/shared/sbin:/opt/gitl:/opt/go/bin:/mnt/shared/c9/app.nw/bin:/usr/local/rvm/bin
10 verbose lifecycle dynamic-character-sheet-frontend@1.0.0~dev:c9: CWD: /home/ubuntu/workspace
11 silly lifecycle dynamic-character-sheet-frontend@1.0.0~dev:c9: Args: [ '-c',
11 silly lifecycle   'yarn install && webpack-dev-server --config build/webpack.c9.js --content-base src/ --public \'web-dcs-uriannrima.c9users.io/sockjs-node/\' --host $IP --port $PORT --hot --inline' ]
12 silly lifecycle dynamic-character-sheet-frontend@1.0.0~dev:c9: Returned: code: 1  signal: null
13 info lifecycle dynamic-character-sheet-frontend@1.0.0~dev:c9: Failed to exec dev:c9 script
14 verbose stack Error: dynamic-character-sheet-frontend@1.0.0 dev:c9: `yarn install && webpack-dev-server --config build/webpack.c9.js --content-base src/ --public 'web-dcs-uriannrima.c9users.io/sockjs-node/' --host $IP --port $PORT --hot --inline`
14 verbose stack Exit status 1
14 verbose stack     at EventEmitter.<anonymous> (/home/ubuntu/.nvm/versions/node/v6.12.1/lib/node_modules/npm/lib/utils/lifecycle.js:255:16)
14 verbose stack     at emitTwo (events.js:106:13)
14 verbose stack     at EventEmitter.emit (events.js:191:7)
14 verbose stack     at ChildProcess.<anonymous> (/home/ubuntu/.nvm/versions/node/v6.12.1/lib/node_modules/npm/lib/utils/spawn.js:40:14)
14 verbose stack     at emitTwo (events.js:106:13)
14 verbose stack     at ChildProcess.emit (events.js:191:7)
14 verbose stack     at maybeClose (internal/child_process.js:920:16)
14 verbose stack     at Process.ChildProcess._handle.onexit (internal/child_process.js:230:5)
15 verbose pkgid dynamic-character-sheet-frontend@1.0.0
16 verbose cwd /home/ubuntu/workspace
17 error Linux 4.9.74-c9
18 error argv "/home/ubuntu/.nvm/versions/node/v6.12.1/bin/node" "/home/ubuntu/.nvm/versions/node/v6.12.1/bin/npm" "run" "dev:c9"
19 error node v6.12.1
20 error npm  v3.10.10
21 error code ELIFECYCLE
22 error dynamic-character-sheet-frontend@1.0.0 dev:c9: `yarn install && webpack-dev-server --config build/webpack.c9.js --content-base src/ --public 'web-dcs-uriannrima.c9users.io/sockjs-node/' --host $IP --port $PORT --hot --inline`
22 error Exit status 1
23 error Failed at the dynamic-character-sheet-frontend@1.0.0 dev:c9 script 'yarn install && webpack-dev-server --config build/webpack.c9.js --content-base src/ --public 'web-dcs-uriannrima.c9users.io/sockjs-node/' --host $IP --port $PORT --hot --inline'.
23 error Make sure you have the latest version of node.js and npm installed.
23 error If you do, this is most likely a problem with the dynamic-character-sheet-frontend package,
23 error not with npm itself.
23 error Tell the author that this fails on your system:
23 error     yarn install && webpack-dev-server --config build/webpack.c9.js --content-base src/ --public 'web-dcs-uriannrima.c9users.io/sockjs-node/' --host $IP --port $PORT --hot --inline
23 error You can get information on how to open an issue for this project with:
23 error     npm bugs dynamic-character-sheet-frontend
23 error Or if that isn't available, you can get their info via:
23 error     npm owner ls dynamic-character-sheet-frontend
23 error There is likely additional logging output above.
24 verbose exit [ 1, true ]
